<?xml version="1.0" encoding="UTF-8"?>
<testng-results skipped="0" failed="0" ignored="0" total="1" passed="1">
  <reporter-output>
  </reporter-output>
  <suite name="Default suite" duration-ms="33097" started-at="2022-10-28T08:57:38Z" finished-at="2022-10-28T08:58:11Z">
    <groups>
    </groups>
    <test name="Default test" duration-ms="33097" started-at="2022-10-28T08:57:38Z" finished-at="2022-10-28T08:58:11Z">
      <class name="canvasStudio.Assesment1">
        <test-method status="PASS" signature="base()[pri:0, instance:canvasStudio.Assesment1@57baeedf]" name="base" is-config="true" duration-ms="4115" started-at="2022-10-28T08:57:38Z" finished-at="2022-10-28T08:57:42Z">
          <reporter-output>
          </reporter-output>
        </test-method> <!-- base -->
        <test-method status="PASS" signature="practice()[pri:0, instance:canvasStudio.Assesment1@57baeedf]" name="practice" duration-ms="28091" started-at="2022-10-28T08:57:42Z" finished-at="2022-10-28T08:58:10Z">
          <reporter-output>
          </reporter-output>
        </test-method> <!-- practice -->
        <test-method status="PASS" signature="tearDown()[pri:0, instance:canvasStudio.Assesment1@57baeedf]" name="tearDown" is-config="true" duration-ms="845" started-at="2022-10-28T08:58:10Z" finished-at="2022-10-28T08:58:11Z">
          <reporter-output>
          </reporter-output>
        </test-method> <!-- tearDown -->
      </class> <!-- canvasStudio.Assesment1 -->
    </test> <!-- Default test -->
  </suite> <!-- Default suite -->
</testng-results>
